# JRE version: OpenJDK Runtime Environment (11.0.11) (build 11.0.11+0-b60-7590822)
# Java VM: OpenJDK 64-Bit Server VM (11.0.11+0-b60-7590822, mixed mode, tiered, compressed oops, g1 gc, linux-amd64)
Heap:
 garbage-first heap   total 272384K, used 225531K [0x00000000a0000000, 0x0000000100000000)
  region size 1024K, 60 young (61440K), 8 survivors (8192K)
 Metaspace       used 110767K, capacity 114390K, committed 114688K, reserved 1148928K
  class space    used 13970K, capacity 15284K, committed 15360K, reserved 1048576K
GC Heap History (20 events):
Event: 602.927 GC heap after
{Heap after GC invocations=34 (full 0):
 garbage-first heap   total 266240K, used 134372K [0x00000000a0000000, 0x0000000100000000)
  region size 1024K, 3 young (3072K), 3 survivors (3072K)
 Metaspace       used 105935K, capacity 109367K, committed 109952K, reserved 1144832K
  class space    used 13388K, capacity 14629K, committed 14720K, reserved 1048576K
}
Event: 603.022 GC heap before
{Heap before GC invocations=34 (full 0):
 garbage-first heap   total 266240K, used 144612K [0x00000000a0000000, 0x0000000100000000)
  region size 1024K, 13 young (13312K), 3 survivors (3072K)
 Metaspace       used 105942K, capacity 109368K, committed 109952K, reserved 1144832K
  class space    used 13388K, capacity 14629K, committed 14720K, reserved 1048576K
}
Event: 603.036 GC heap after
{Heap after GC invocations=35 (full 0):
 garbage-first heap   total 266240K, used 133307K [0x00000000a0000000, 0x0000000100000000)
  region size 1024K, 1 young (1024K), 1 survivors (1024K)
 Metaspace       used 105942K, capacity 109368K, committed 109952K, reserved 1144832K
  class space    used 13388K, capacity 14629K, committed 14720K, reserved 1048576K
}
Event: 603.656 GC heap before
{Heap before GC invocations=35 (full 0):
 garbage-first heap   total 266240K, used 222395K [0x00000000a0000000, 0x0000000100000000)
  region size 1024K, 88 young (90112K), 1 survivors (1024K)
 Metaspace       used 105964K, capacity 109433K, committed 109952K, reserved 1144832K
  class space    used 13388K, capacity 14629K, committed 14720K, reserved 1048576K
}
Event: 603.660 GC heap after
{Heap after GC invocations=36 (full 0):
 garbage-first heap   total 266240K, used 134459K [0x00000000a0000000, 0x0000000100000000)
  region size 1024K, 2 young (2048K), 2 survivors (2048K)
 Metaspace       used 105964K, capacity 109433K, committed 109952K, reserved 1144832K
  class space    used 13388K, capacity 14629K, committed 14720K, reserved 1048576K
}
Event: 604.315 GC heap before
{Heap before GC invocations=36 (full 0):
 garbage-first heap   total 266240K, used 223547K [0x00000000a0000000, 0x0000000100000000)
  region size 1024K, 89 young (91136K), 2 survivors (2048K)
 Metaspace       used 105987K, capacity 109433K, committed 109952K, reserved 1144832K
  class space    used 13388K, capacity 14629K, committed 14720K, reserved 1048576K
}
Event: 604.320 GC heap after
{Heap after GC invocations=37 (full 0):
 garbage-first heap   total 266240K, used 135608K [0x00000000a0000000, 0x0000000100000000)
  region size 1024K, 4 young (4096K), 4 survivors (4096K)
 Metaspace       used 105987K, capacity 109433K, committed 109952K, reserved 1144832K
  class space    used 13388K, capacity 14629K, committed 14720K, reserved 1048576K
}
Event: 604.938 GC heap before
{Heap before GC invocations=37 (full 0):
 garbage-first heap   total 266240K, used 224696K [0x00000000a0000000, 0x0000000100000000)
  region size 1024K, 91 young (93184K), 4 survivors (4096K)
 Metaspace       used 106011K, capacity 109434K, committed 109952K, reserved 1144832K
  class space    used 13388K, capacity 14629K, committed 14720K, reserved 1048576K
}
Event: 604.944 GC heap after
{Heap after GC invocations=38 (full 0):
 garbage-first heap   total 266240K, used 138756K [0x00000000a0000000, 0x0000000100000000)
  region size 1024K, 7 young (7168K), 7 survivors (7168K)
 Metaspace       used 106011K, capacity 109434K, committed 109952K, reserved 1144832K
  class space    used 13388K, capacity 14629K, committed 14720K, reserved 1048576K
}
Event: 605.654 GC heap before
{Heap before GC invocations=38 (full 0):
 garbage-first heap   total 266240K, used 226820K [0x00000000a0000000, 0x0000000100000000)
  region size 1024K, 93 young (95232K), 7 survivors (7168K)
 Metaspace       used 106015K, capacity 109434K, committed 109952K, reserved 1144832K
  class space    used 13388K, capacity 14629K, committed 14720K, reserved 1048576K
}
Event: 605.661 GC heap after
{Heap after GC invocations=39 (full 0):
 garbage-first heap   total 266240K, used 139332K [0x00000000a0000000, 0x0000000100000000)
  region size 1024K, 7 young (7168K), 7 survivors (7168K)
 Metaspace       used 106015K, capacity 109434K, committed 109952K, reserved 1144832K
  class space    used 13388K, capacity 14629K, committed 14720K, reserved 1048576K
}
Event: 606.200 GC heap before
{Heap before GC invocations=39 (full 0):
 garbage-first heap   total 266240K, used 228420K [0x00000000a0000000, 0x0000000100000000)
  region size 1024K, 94 young (96256K), 7 survivors (7168K)
 Metaspace       used 106028K, capacity 109435K, committed 109952K, reserved 1144832K
  class space    used 13388K, capacity 14629K, committed 14720K, reserved 1048576K
}
Event: 606.224 GC heap after
{Heap after GC invocations=40 (full 0):
 garbage-first heap   total 266240K, used 139944K [0x00000000a0000000, 0x0000000100000000)
  region size 1024K, 7 young (7168K), 7 survivors (7168K)
 Metaspace       used 106028K, capacity 109435K, committed 109952K, reserved 1144832K
  class space    used 13388K, capacity 14629K, committed 14720K, reserved 1048576K
}
Event: 606.745 GC heap before
{Heap before GC invocations=40 (full 0):
 garbage-first heap   total 266240K, used 230056K [0x00000000a0000000, 0x0000000100000000)
  region size 1024K, 95 young (97280K), 7 survivors (7168K)
 Metaspace       used 106038K, capacity 109499K, committed 109952K, reserved 1144832K
  class space    used 13388K, capacity 14629K, committed 14720K, reserved 1048576K
}
Event: 606.752 GC heap after
{Heap after GC invocations=41 (full 0):
 garbage-first heap   total 266240K, used 140813K [0x00000000a0000000, 0x0000000100000000)
  region size 1024K, 7 young (7168K), 7 survivors (7168K)
 Metaspace       used 106038K, capacity 109499K, committed 109952K, reserved 1144832K
  class space    used 13388K, capacity 14629K, committed 14720K, reserved 1048576K
}
Event: 607.781 GC heap before
{Heap before GC invocations=41 (full 0):
 garbage-first heap   total 266240K, used 235021K [0x00000000a0000000, 0x0000000100000000)
  region size 1024K, 94 young (96256K), 7 survivors (7168K)
 Metaspace       used 106603K, capacity 110129K, committed 110464K, reserved 1144832K
  class space    used 13404K, capacity 14640K, committed 14720K, reserved 1048576K
}
Event: 607.792 GC heap after
{Heap after GC invocations=42 (full 0):
 garbage-first heap   total 266240K, used 137718K [0x00000000a0000000, 0x0000000100000000)
  region size 1024K, 6 young (6144K), 6 survivors (6144K)
 Metaspace       used 106603K, capacity 110129K, committed 110464K, reserved 1144832K
  class space    used 13404K, capacity 14640K, committed 14720K, reserved 1048576K
}
Event: 609.202 GC heap before
{Heap before GC invocations=42 (full 0):
 garbage-first heap   total 266240K, used 237046K [0x00000000a0000000, 0x0000000100000000)
  region size 1024K, 95 young (97280K), 6 survivors (6144K)
 Metaspace       used 109290K, capacity 112939K, committed 113152K, reserved 1146880K
  class space    used 13750K, capacity 15024K, committed 15104K, reserved 1048576K
}
Event: 609.228 GC heap after
{Heap after GC invocations=43 (full 0):
 garbage-first heap   total 272384K, used 168187K [0x00000000a0000000, 0x0000000100000000)
  region size 1024K, 12 young (12288K), 12 survivors (12288K)
 Metaspace       used 109290K, capacity 112939K, committed 113152K, reserved 1146880K
  class space    used 13750K, capacity 15024K, committed 15104K, reserved 1048576K
}
Event: 609.653 GC heap before
{Heap before GC invocations=43 (full 0):
 garbage-first heap   total 272384K, used 224507K [0x00000000a0000000, 0x0000000100000000)
  region size 1024K, 64 young (65536K), 12 survivors (12288K)
 Metaspace       used 110767K, capacity 114390K, committed 114688K, reserved 1148928K
  class space    used 13970K, capacity 15284K, committed 15360K, reserved 1048576K
}

